2014/11/01 11:26:24 [error] [exception.CException] exception 'CException' with message 'Property "CWebApplication.wargaming" is not defined.' in C:\sichevskyi-uawebchallenge-semifinal-2014\yiiframework\base\CComponent.php:130
Stack trace:
#0 C:\sichevskyi-uawebchallenge-semifinal-2014\yiiframework\base\CModule.php(105): CComponent->__get('wargaming')
#1 C:\sichevskyi-uawebchallenge-semifinal-2014\apps\recruiting\protected\controllers\SiteController.php(45): CModule->__get('wargaming')
#2 C:\sichevskyi-uawebchallenge-semifinal-2014\yiiframework\web\actions\CInlineAction.php(49): SiteController->actionIndex()
#3 C:\sichevskyi-uawebchallenge-semifinal-2014\yiiframework\web\CController.php(308): CInlineAction->runWithParams(Array)
#4 C:\sichevskyi-uawebchallenge-semifinal-2014\yiiframework\web\CController.php(286): CController->runAction(Object(CInlineAction))
#5 C:\sichevskyi-uawebchallenge-semifinal-2014\yiiframework\web\CController.php(265): CController->runActionWithFilters(Object(CInlineAction), Array)
#6 C:\sichevskyi-uawebchallenge-semifinal-2014\yiiframework\web\CWebApplication.php(282): CController->run('')
#7 C:\sichevskyi-uawebchallenge-semifinal-2014\yiiframework\web\CWebApplication.php(141): CWebApplication->runController('')
#8 C:\sichevskyi-uawebchallenge-semifinal-2014\yiiframework\base\CApplication.php(180): CWebApplication->processRequest()
#9 C:\sichevskyi-uawebchallenge-semifinal-2014\apps\recruiting\index.php(13): CApplication->run()
#10 {main}
REQUEST_URI=/
---
2014/11/01 11:33:26 [error] [php] Undefined variable: api (C:\sichevskyi-uawebchallenge-semifinal-2014\apps\recruiting\protected\components\LinkedIn\LinkedIn.php:17)
Stack trace:
#0 C:\sichevskyi-uawebchallenge-semifinal-2014\apps\recruiting\protected\controllers\SiteController.php(45): CWebApplication->__get()
#1 C:\sichevskyi-uawebchallenge-semifinal-2014\yiiframework\web\actions\CInlineAction.php(49): SiteController->actionIndex()
#2 C:\sichevskyi-uawebchallenge-semifinal-2014\yiiframework\web\CController.php(308): CInlineAction->runWithParams()
#3 C:\sichevskyi-uawebchallenge-semifinal-2014\yiiframework\web\CController.php(286): SiteController->runAction()
#4 C:\sichevskyi-uawebchallenge-semifinal-2014\yiiframework\web\CController.php(265): SiteController->runActionWithFilters()
#5 C:\sichevskyi-uawebchallenge-semifinal-2014\yiiframework\web\CWebApplication.php(282): SiteController->run()
#6 C:\sichevskyi-uawebchallenge-semifinal-2014\yiiframework\web\CWebApplication.php(141): CWebApplication->runController()
#7 C:\sichevskyi-uawebchallenge-semifinal-2014\yiiframework\base\CApplication.php(180): CWebApplication->processRequest()
#8 C:\sichevskyi-uawebchallenge-semifinal-2014\apps\recruiting\index.php(13): CWebApplication->run()
REQUEST_URI=/
in C:\sichevskyi-uawebchallenge-semifinal-2014\apps\recruiting\protected\components\LinkedIn\LinkedIn.php (17)
in C:\sichevskyi-uawebchallenge-semifinal-2014\apps\recruiting\protected\controllers\SiteController.php (45)
in C:\sichevskyi-uawebchallenge-semifinal-2014\apps\recruiting\index.php (13)
2014/11/01 11:38:25 [error] [exception.CException] exception 'CException' with message 'LinkedIn and its behaviors do not have a method or closure named "get".' in C:\sichevskyi-uawebchallenge-semifinal-2014\yiiframework\base\CComponent.php:266
Stack trace:
#0 C:\sichevskyi-uawebchallenge-semifinal-2014\apps\recruiting\protected\components\LinkedIn\LinkedIn.php(34): CComponent->__call('get', Array)
#1 C:\sichevskyi-uawebchallenge-semifinal-2014\apps\recruiting\protected\components\LinkedIn\LinkedIn.php(34): LinkedIn->get('/people/~:(firs...')
#2 C:\sichevskyi-uawebchallenge-semifinal-2014\apps\recruiting\protected\controllers\SiteController.php(45): LinkedIn->getInfo()
#3 C:\sichevskyi-uawebchallenge-semifinal-2014\yiiframework\web\actions\CInlineAction.php(49): SiteController->actionIndex()
#4 C:\sichevskyi-uawebchallenge-semifinal-2014\yiiframework\web\CController.php(308): CInlineAction->runWithParams(Array)
#5 C:\sichevskyi-uawebchallenge-semifinal-2014\yiiframework\web\CController.php(286): CController->runAction(Object(CInlineAction))
#6 C:\sichevskyi-uawebchallenge-semifinal-2014\yiiframework\web\CController.php(265): CController->runActionWithFilters(Object(CInlineAction), Array)
#7 C:\sichevskyi-uawebchallenge-semifinal-2014\yiiframework\web\CWebApplication.php(282): CController->run('')
#8 C:\sichevskyi-uawebchallenge-semifinal-2014\yiiframework\web\CWebApplication.php(141): CWebApplication->runController('')
#9 C:\sichevskyi-uawebchallenge-semifinal-2014\yiiframework\base\CApplication.php(180): CWebApplication->processRequest()
#10 C:\sichevskyi-uawebchallenge-semifinal-2014\apps\recruiting\index.php(13): CApplication->run()
#11 {main}
REQUEST_URI=/
---
2014/11/01 11:38:48 [error] [php] include(LinkedInApi.php): failed to open stream: No such file or directory (C:\sichevskyi-uawebchallenge-semifinal-2014\yiiframework\YiiBase.php:427)
Stack trace:
#0 C:\sichevskyi-uawebchallenge-semifinal-2014\apps\recruiting\protected\components\LinkedIn\LinkedIn.php(18): spl_autoload_call()
#1 C:\sichevskyi-uawebchallenge-semifinal-2014\yiiframework\base\CModule.php(387): LinkedIn->init()
#2 C:\sichevskyi-uawebchallenge-semifinal-2014\yiiframework\base\CModule.php(103): CWebApplication->getComponent()
#3 C:\sichevskyi-uawebchallenge-semifinal-2014\apps\recruiting\protected\controllers\SiteController.php(45): CWebApplication->__get()
#4 C:\sichevskyi-uawebchallenge-semifinal-2014\yiiframework\web\actions\CInlineAction.php(49): SiteController->actionIndex()
#5 C:\sichevskyi-uawebchallenge-semifinal-2014\yiiframework\web\CController.php(308): CInlineAction->runWithParams()
#6 C:\sichevskyi-uawebchallenge-semifinal-2014\yiiframework\web\CController.php(286): SiteController->runAction()
#7 C:\sichevskyi-uawebchallenge-semifinal-2014\yiiframework\web\CController.php(265): SiteController->runActionWithFilters()
#8 C:\sichevskyi-uawebchallenge-semifinal-2014\yiiframework\web\CWebApplication.php(282): SiteController->run()
#9 C:\sichevskyi-uawebchallenge-semifinal-2014\yiiframework\web\CWebApplication.php(141): CWebApplication->runController()
#10 C:\sichevskyi-uawebchallenge-semifinal-2014\yiiframework\base\CApplication.php(180): CWebApplication->processRequest()
#11 C:\sichevskyi-uawebchallenge-semifinal-2014\apps\recruiting\index.php(13): CWebApplication->run()
REQUEST_URI=/
in C:\sichevskyi-uawebchallenge-semifinal-2014\apps\recruiting\protected\components\LinkedIn\LinkedIn.php (18)
in C:\sichevskyi-uawebchallenge-semifinal-2014\apps\recruiting\protected\controllers\SiteController.php (45)
in C:\sichevskyi-uawebchallenge-semifinal-2014\apps\recruiting\index.php (13)
2014/11/01 11:38:51 [error] [php] include(LinkedInApi.php): failed to open stream: No such file or directory (C:\sichevskyi-uawebchallenge-semifinal-2014\yiiframework\YiiBase.php:427)
Stack trace:
#0 C:\sichevskyi-uawebchallenge-semifinal-2014\apps\recruiting\protected\components\LinkedIn\LinkedIn.php(18): spl_autoload_call()
#1 C:\sichevskyi-uawebchallenge-semifinal-2014\yiiframework\base\CModule.php(387): LinkedIn->init()
#2 C:\sichevskyi-uawebchallenge-semifinal-2014\yiiframework\base\CModule.php(103): CWebApplication->getComponent()
#3 C:\sichevskyi-uawebchallenge-semifinal-2014\apps\recruiting\protected\controllers\SiteController.php(45): CWebApplication->__get()
#4 C:\sichevskyi-uawebchallenge-semifinal-2014\yiiframework\web\actions\CInlineAction.php(49): SiteController->actionIndex()
#5 C:\sichevskyi-uawebchallenge-semifinal-2014\yiiframework\web\CController.php(308): CInlineAction->runWithParams()
#6 C:\sichevskyi-uawebchallenge-semifinal-2014\yiiframework\web\CController.php(286): SiteController->runAction()
#7 C:\sichevskyi-uawebchallenge-semifinal-2014\yiiframework\web\CController.php(265): SiteController->runActionWithFilters()
#8 C:\sichevskyi-uawebchallenge-semifinal-2014\yiiframework\web\CWebApplication.php(282): SiteController->run()
#9 C:\sichevskyi-uawebchallenge-semifinal-2014\yiiframework\web\CWebApplication.php(141): CWebApplication->runController()
#10 C:\sichevskyi-uawebchallenge-semifinal-2014\yiiframework\base\CApplication.php(180): CWebApplication->processRequest()
#11 C:\sichevskyi-uawebchallenge-semifinal-2014\apps\recruiting\index.php(13): CWebApplication->run()
REQUEST_URI=/
in C:\sichevskyi-uawebchallenge-semifinal-2014\apps\recruiting\protected\components\LinkedIn\LinkedIn.php (18)
in C:\sichevskyi-uawebchallenge-semifinal-2014\apps\recruiting\protected\controllers\SiteController.php (45)
in C:\sichevskyi-uawebchallenge-semifinal-2014\apps\recruiting\index.php (13)
2014/11/01 11:39:23 [error] [exception.InvalidArgumentException] exception 'InvalidArgumentException' with message 'Invalid authorization code. Pass in the "code" parameter from your callback url' in C:\sichevskyi-uawebchallenge-semifinal-2014\apps\recruiting\protected\extensions\linkedin\LinkedInApi.php:93
Stack trace:
#0 C:\sichevskyi-uawebchallenge-semifinal-2014\apps\recruiting\protected\extensions\linkedin\LinkedInApi.php(226): LinkedInApi->getAccessToken()
#1 C:\sichevskyi-uawebchallenge-semifinal-2014\apps\recruiting\protected\extensions\linkedin\LinkedInApi.php(197): LinkedInApi->fetch('/people/~:(firs...', Array)
#2 C:\sichevskyi-uawebchallenge-semifinal-2014\apps\recruiting\protected\components\LinkedIn\LinkedIn.php(34): LinkedInApi->get('/people/~:(firs...')
#3 C:\sichevskyi-uawebchallenge-semifinal-2014\apps\recruiting\protected\controllers\SiteController.php(45): LinkedIn->getInfo()
#4 C:\sichevskyi-uawebchallenge-semifinal-2014\yiiframework\web\actions\CInlineAction.php(49): SiteController->actionIndex()
#5 C:\sichevskyi-uawebchallenge-semifinal-2014\yiiframework\web\CController.php(308): CInlineAction->runWithParams(Array)
#6 C:\sichevskyi-uawebchallenge-semifinal-2014\yiiframework\web\CController.php(286): CController->runAction(Object(CInlineAction))
#7 C:\sichevskyi-uawebchallenge-semifinal-2014\yiiframework\web\CController.php(265): CController->runActionWithFilters(Object(CInlineAction), Array)
#8 C:\sichevskyi-uawebchallenge-semifinal-2014\yiiframework\web\CWebApplication.php(282): CController->run('')
#9 C:\sichevskyi-uawebchallenge-semifinal-2014\yiiframework\web\CWebApplication.php(141): CWebApplication->runController('')
#10 C:\sichevskyi-uawebchallenge-semifinal-2014\yiiframework\base\CApplication.php(180): CWebApplication->processRequest()
#11 C:\sichevskyi-uawebchallenge-semifinal-2014\apps\recruiting\index.php(13): CApplication->run()
#12 {main}
REQUEST_URI=/
---
2014/11/01 11:39:27 [error] [exception.InvalidArgumentException] exception 'InvalidArgumentException' with message 'Invalid authorization code. Pass in the "code" parameter from your callback url' in C:\sichevskyi-uawebchallenge-semifinal-2014\apps\recruiting\protected\extensions\linkedin\LinkedInApi.php:93
Stack trace:
#0 C:\sichevskyi-uawebchallenge-semifinal-2014\apps\recruiting\protected\extensions\linkedin\LinkedInApi.php(226): LinkedInApi->getAccessToken()
#1 C:\sichevskyi-uawebchallenge-semifinal-2014\apps\recruiting\protected\extensions\linkedin\LinkedInApi.php(197): LinkedInApi->fetch('/people/~:(firs...', Array)
#2 C:\sichevskyi-uawebchallenge-semifinal-2014\apps\recruiting\protected\components\LinkedIn\LinkedIn.php(34): LinkedInApi->get('/people/~:(firs...')
#3 C:\sichevskyi-uawebchallenge-semifinal-2014\apps\recruiting\protected\controllers\SiteController.php(45): LinkedIn->getInfo()
#4 C:\sichevskyi-uawebchallenge-semifinal-2014\yiiframework\web\actions\CInlineAction.php(49): SiteController->actionIndex()
#5 C:\sichevskyi-uawebchallenge-semifinal-2014\yiiframework\web\CController.php(308): CInlineAction->runWithParams(Array)
#6 C:\sichevskyi-uawebchallenge-semifinal-2014\yiiframework\web\CController.php(286): CController->runAction(Object(CInlineAction))
#7 C:\sichevskyi-uawebchallenge-semifinal-2014\yiiframework\web\CController.php(265): CController->runActionWithFilters(Object(CInlineAction), Array)
#8 C:\sichevskyi-uawebchallenge-semifinal-2014\yiiframework\web\CWebApplication.php(282): CController->run('')
#9 C:\sichevskyi-uawebchallenge-semifinal-2014\yiiframework\web\CWebApplication.php(141): CWebApplication->runController('')
#10 C:\sichevskyi-uawebchallenge-semifinal-2014\yiiframework\base\CApplication.php(180): CWebApplication->processRequest()
#11 C:\sichevskyi-uawebchallenge-semifinal-2014\apps\recruiting\index.php(13): CApplication->run()
#12 {main}
REQUEST_URI=/
---
2014/11/01 11:45:54 [error] [exception.InvalidArgumentException] exception 'InvalidArgumentException' with message 'Invalid authorization code. Pass in the "code" parameter from your callback url' in C:\sichevskyi-uawebchallenge-semifinal-2014\apps\recruiting\protected\extensions\linkedin\LinkedInApi.php:93
Stack trace:
#0 C:\sichevskyi-uawebchallenge-semifinal-2014\apps\recruiting\protected\extensions\linkedin\LinkedInApi.php(226): LinkedInApi->getAccessToken()
#1 C:\sichevskyi-uawebchallenge-semifinal-2014\apps\recruiting\protected\extensions\linkedin\LinkedInApi.php(197): LinkedInApi->fetch('/people/~:(firs...', Array)
#2 C:\sichevskyi-uawebchallenge-semifinal-2014\apps\recruiting\protected\components\LinkedIn\LinkedIn.php(36): LinkedInApi->get('/people/~:(firs...')
#3 C:\sichevskyi-uawebchallenge-semifinal-2014\apps\recruiting\protected\controllers\SiteController.php(49): LinkedIn->getInfo()
#4 C:\sichevskyi-uawebchallenge-semifinal-2014\yiiframework\web\actions\CInlineAction.php(49): SiteController->actionIndex()
#5 C:\sichevskyi-uawebchallenge-semifinal-2014\yiiframework\web\CController.php(308): CInlineAction->runWithParams(Array)
#6 C:\sichevskyi-uawebchallenge-semifinal-2014\yiiframework\web\CController.php(286): CController->runAction(Object(CInlineAction))
#7 C:\sichevskyi-uawebchallenge-semifinal-2014\yiiframework\web\CController.php(265): CController->runActionWithFilters(Object(CInlineAction), Array)
#8 C:\sichevskyi-uawebchallenge-semifinal-2014\yiiframework\web\CWebApplication.php(282): CController->run('')
#9 C:\sichevskyi-uawebchallenge-semifinal-2014\yiiframework\web\CWebApplication.php(141): CWebApplication->runController('')
#10 C:\sichevskyi-uawebchallenge-semifinal-2014\yiiframework\base\CApplication.php(180): CWebApplication->processRequest()
#11 C:\sichevskyi-uawebchallenge-semifinal-2014\apps\recruiting\index.php(13): CApplication->run()
#12 {main}
REQUEST_URI=/
---
2014/11/01 11:46:01 [error] [exception.InvalidArgumentException] exception 'InvalidArgumentException' with message 'Invalid authorization code. Pass in the "code" parameter from your callback url' in C:\sichevskyi-uawebchallenge-semifinal-2014\apps\recruiting\protected\extensions\linkedin\LinkedInApi.php:93
Stack trace:
#0 C:\sichevskyi-uawebchallenge-semifinal-2014\apps\recruiting\protected\extensions\linkedin\LinkedInApi.php(226): LinkedInApi->getAccessToken()
#1 C:\sichevskyi-uawebchallenge-semifinal-2014\apps\recruiting\protected\extensions\linkedin\LinkedInApi.php(197): LinkedInApi->fetch('/people/~:(firs...', Array)
#2 C:\sichevskyi-uawebchallenge-semifinal-2014\apps\recruiting\protected\components\LinkedIn\LinkedIn.php(36): LinkedInApi->get('/people/~:(firs...')
#3 C:\sichevskyi-uawebchallenge-semifinal-2014\apps\recruiting\protected\controllers\SiteController.php(49): LinkedIn->getInfo()
#4 C:\sichevskyi-uawebchallenge-semifinal-2014\yiiframework\web\actions\CInlineAction.php(49): SiteController->actionIndex()
#5 C:\sichevskyi-uawebchallenge-semifinal-2014\yiiframework\web\CController.php(308): CInlineAction->runWithParams(Array)
#6 C:\sichevskyi-uawebchallenge-semifinal-2014\yiiframework\web\CController.php(286): CController->runAction(Object(CInlineAction))
#7 C:\sichevskyi-uawebchallenge-semifinal-2014\yiiframework\web\CController.php(265): CController->runActionWithFilters(Object(CInlineAction), Array)
#8 C:\sichevskyi-uawebchallenge-semifinal-2014\yiiframework\web\CWebApplication.php(282): CController->run('')
#9 C:\sichevskyi-uawebchallenge-semifinal-2014\yiiframework\web\CWebApplication.php(141): CWebApplication->runController('')
#10 C:\sichevskyi-uawebchallenge-semifinal-2014\yiiframework\base\CApplication.php(180): CWebApplication->processRequest()
#11 C:\sichevskyi-uawebchallenge-semifinal-2014\apps\recruiting\index.php(13): CApplication->run()
#12 {main}
REQUEST_URI=/
---
2014/11/01 11:48:08 [error] [exception.InvalidArgumentException] exception 'InvalidArgumentException' with message 'Invalid authorization code. Pass in the "code" parameter from your callback url' in C:\sichevskyi-uawebchallenge-semifinal-2014\apps\recruiting\protected\extensions\linkedin\LinkedInApi.php:93
Stack trace:
#0 C:\sichevskyi-uawebchallenge-semifinal-2014\apps\recruiting\protected\extensions\linkedin\LinkedInApi.php(226): LinkedInApi->getAccessToken()
#1 C:\sichevskyi-uawebchallenge-semifinal-2014\apps\recruiting\protected\extensions\linkedin\LinkedInApi.php(197): LinkedInApi->fetch('/people/~:(firs...', Array)
#2 C:\sichevskyi-uawebchallenge-semifinal-2014\apps\recruiting\protected\components\LinkedIn\LinkedIn.php(36): LinkedInApi->get('/people/~:(firs...')
#3 C:\sichevskyi-uawebchallenge-semifinal-2014\apps\recruiting\protected\controllers\SiteController.php(47): LinkedIn->getInfo()
#4 C:\sichevskyi-uawebchallenge-semifinal-2014\yiiframework\web\actions\CInlineAction.php(49): SiteController->actionIndex()
#5 C:\sichevskyi-uawebchallenge-semifinal-2014\yiiframework\web\CController.php(308): CInlineAction->runWithParams(Array)
#6 C:\sichevskyi-uawebchallenge-semifinal-2014\yiiframework\web\CController.php(286): CController->runAction(Object(CInlineAction))
#7 C:\sichevskyi-uawebchallenge-semifinal-2014\yiiframework\web\CController.php(265): CController->runActionWithFilters(Object(CInlineAction), Array)
#8 C:\sichevskyi-uawebchallenge-semifinal-2014\yiiframework\web\CWebApplication.php(282): CController->run('')
#9 C:\sichevskyi-uawebchallenge-semifinal-2014\yiiframework\web\CWebApplication.php(141): CWebApplication->runController('')
#10 C:\sichevskyi-uawebchallenge-semifinal-2014\yiiframework\base\CApplication.php(180): CWebApplication->processRequest()
#11 C:\sichevskyi-uawebchallenge-semifinal-2014\apps\recruiting\index.php(13): CApplication->run()
#12 {main}
REQUEST_URI=/
---
2014/11/01 11:48:28 [error] [exception.InvalidArgumentException] exception 'InvalidArgumentException' with message 'Invalid authorization code. Pass in the "code" parameter from your callback url' in C:\sichevskyi-uawebchallenge-semifinal-2014\apps\recruiting\protected\extensions\linkedin\LinkedInApi.php:93
Stack trace:
#0 C:\sichevskyi-uawebchallenge-semifinal-2014\apps\recruiting\protected\extensions\linkedin\LinkedInApi.php(226): LinkedInApi->getAccessToken()
#1 C:\sichevskyi-uawebchallenge-semifinal-2014\apps\recruiting\protected\extensions\linkedin\LinkedInApi.php(197): LinkedInApi->fetch('/people/~:(firs...', Array)
#2 C:\sichevskyi-uawebchallenge-semifinal-2014\apps\recruiting\protected\components\LinkedIn\LinkedIn.php(36): LinkedInApi->get('/people/~:(firs...')
#3 C:\sichevskyi-uawebchallenge-semifinal-2014\apps\recruiting\protected\controllers\SiteController.php(47): LinkedIn->getInfo()
#4 C:\sichevskyi-uawebchallenge-semifinal-2014\yiiframework\web\actions\CInlineAction.php(49): SiteController->actionIndex()
#5 C:\sichevskyi-uawebchallenge-semifinal-2014\yiiframework\web\CController.php(308): CInlineAction->runWithParams(Array)
#6 C:\sichevskyi-uawebchallenge-semifinal-2014\yiiframework\web\CController.php(286): CController->runAction(Object(CInlineAction))
#7 C:\sichevskyi-uawebchallenge-semifinal-2014\yiiframework\web\CController.php(265): CController->runActionWithFilters(Object(CInlineAction), Array)
#8 C:\sichevskyi-uawebchallenge-semifinal-2014\yiiframework\web\CWebApplication.php(282): CController->run('index')
#9 C:\sichevskyi-uawebchallenge-semifinal-2014\yiiframework\web\CWebApplication.php(141): CWebApplication->runController('site/index')
#10 C:\sichevskyi-uawebchallenge-semifinal-2014\yiiframework\base\CApplication.php(180): CWebApplication->processRequest()
#11 C:\sichevskyi-uawebchallenge-semifinal-2014\apps\recruiting\index.php(13): CApplication->run()
#12 {main}
REQUEST_URI=/index.php?r=site/index
---
2014/11/01 11:52:59 [error] [exception.InvalidArgumentException] exception 'InvalidArgumentException' with message 'Invalid authorization code. Pass in the "code" parameter from your callback url' in C:\sichevskyi-uawebchallenge-semifinal-2014\apps\recruiting\protected\extensions\linkedin\LinkedInApi.php:93
Stack trace:
#0 C:\sichevskyi-uawebchallenge-semifinal-2014\apps\recruiting\protected\extensions\linkedin\LinkedInApi.php(226): LinkedInApi->getAccessToken()
#1 C:\sichevskyi-uawebchallenge-semifinal-2014\apps\recruiting\protected\extensions\linkedin\LinkedInApi.php(197): LinkedInApi->fetch('/people/~:(firs...', Array)
#2 C:\sichevskyi-uawebchallenge-semifinal-2014\apps\recruiting\protected\components\LinkedIn\LinkedIn.php(36): LinkedInApi->get('/people/~:(firs...')
#3 C:\sichevskyi-uawebchallenge-semifinal-2014\apps\recruiting\protected\controllers\SiteController.php(47): LinkedIn->getInfo()
#4 C:\sichevskyi-uawebchallenge-semifinal-2014\yiiframework\web\actions\CInlineAction.php(49): SiteController->actionIndex()
#5 C:\sichevskyi-uawebchallenge-semifinal-2014\yiiframework\web\CController.php(308): CInlineAction->runWithParams(Array)
#6 C:\sichevskyi-uawebchallenge-semifinal-2014\yiiframework\web\CController.php(286): CController->runAction(Object(CInlineAction))
#7 C:\sichevskyi-uawebchallenge-semifinal-2014\yiiframework\web\CController.php(265): CController->runActionWithFilters(Object(CInlineAction), Array)
#8 C:\sichevskyi-uawebchallenge-semifinal-2014\yiiframework\web\CWebApplication.php(282): CController->run('')
#9 C:\sichevskyi-uawebchallenge-semifinal-2014\yiiframework\web\CWebApplication.php(141): CWebApplication->runController('')
#10 C:\sichevskyi-uawebchallenge-semifinal-2014\yiiframework\base\CApplication.php(180): CWebApplication->processRequest()
#11 C:\sichevskyi-uawebchallenge-semifinal-2014\apps\recruiting\index.php(13): CApplication->run()
#12 {main}
REQUEST_URI=/index.php?=site/linkedInCallback
---
2014/11/01 11:54:09 [error] [exception.InvalidArgumentException] exception 'InvalidArgumentException' with message 'Invalid authorization code. Pass in the "code" parameter from your callback url' in C:\sichevskyi-uawebchallenge-semifinal-2014\apps\recruiting\protected\extensions\linkedin\LinkedInApi.php:93
Stack trace:
#0 C:\sichevskyi-uawebchallenge-semifinal-2014\apps\recruiting\protected\extensions\linkedin\LinkedInApi.php(226): LinkedInApi->getAccessToken()
#1 C:\sichevskyi-uawebchallenge-semifinal-2014\apps\recruiting\protected\extensions\linkedin\LinkedInApi.php(197): LinkedInApi->fetch('/people/~:(firs...', Array)
#2 C:\sichevskyi-uawebchallenge-semifinal-2014\apps\recruiting\protected\components\LinkedIn\LinkedIn.php(36): LinkedInApi->get('/people/~:(firs...')
#3 C:\sichevskyi-uawebchallenge-semifinal-2014\apps\recruiting\protected\controllers\SiteController.php(47): LinkedIn->getInfo()
#4 C:\sichevskyi-uawebchallenge-semifinal-2014\yiiframework\web\actions\CInlineAction.php(49): SiteController->actionIndex()
#5 C:\sichevskyi-uawebchallenge-semifinal-2014\yiiframework\web\CController.php(308): CInlineAction->runWithParams(Array)
#6 C:\sichevskyi-uawebchallenge-semifinal-2014\yiiframework\web\CController.php(286): CController->runAction(Object(CInlineAction))
#7 C:\sichevskyi-uawebchallenge-semifinal-2014\yiiframework\web\CController.php(265): CController->runActionWithFilters(Object(CInlineAction), Array)
#8 C:\sichevskyi-uawebchallenge-semifinal-2014\yiiframework\web\CWebApplication.php(282): CController->run('')
#9 C:\sichevskyi-uawebchallenge-semifinal-2014\yiiframework\web\CWebApplication.php(141): CWebApplication->runController('')
#10 C:\sichevskyi-uawebchallenge-semifinal-2014\yiiframework\base\CApplication.php(180): CWebApplication->processRequest()
#11 C:\sichevskyi-uawebchallenge-semifinal-2014\apps\recruiting\index.php(13): CApplication->run()
#12 {main}
REQUEST_URI=/index.php?=site/linkedInCallback&code=AQQvlpeo_Mn9CAmEpk_oi8jVH8JcJvpg924MrT3tp45-duQABnOpDS4gqsn09tOiMKxG1Uql_JXRFRdf8_M47B7eQRZ-Imb1GblWIuB1kpj-SAopUFc&state=5454bb539e0d01%2E60096675
---
2014/11/01 11:54:25 [error] [exception.InvalidArgumentException] exception 'InvalidArgumentException' with message 'Invalid authorization code. Pass in the "code" parameter from your callback url' in C:\sichevskyi-uawebchallenge-semifinal-2014\apps\recruiting\protected\extensions\linkedin\LinkedInApi.php:93
Stack trace:
#0 C:\sichevskyi-uawebchallenge-semifinal-2014\apps\recruiting\protected\extensions\linkedin\LinkedInApi.php(226): LinkedInApi->getAccessToken()
#1 C:\sichevskyi-uawebchallenge-semifinal-2014\apps\recruiting\protected\extensions\linkedin\LinkedInApi.php(197): LinkedInApi->fetch('/people/~:(firs...', Array)
#2 C:\sichevskyi-uawebchallenge-semifinal-2014\apps\recruiting\protected\components\LinkedIn\LinkedIn.php(36): LinkedInApi->get('/people/~:(firs...')
#3 C:\sichevskyi-uawebchallenge-semifinal-2014\apps\recruiting\protected\controllers\SiteController.php(47): LinkedIn->getInfo()
#4 C:\sichevskyi-uawebchallenge-semifinal-2014\yiiframework\web\actions\CInlineAction.php(49): SiteController->actionIndex()
#5 C:\sichevskyi-uawebchallenge-semifinal-2014\yiiframework\web\CController.php(308): CInlineAction->runWithParams(Array)
#6 C:\sichevskyi-uawebchallenge-semifinal-2014\yiiframework\web\CController.php(286): CController->runAction(Object(CInlineAction))
#7 C:\sichevskyi-uawebchallenge-semifinal-2014\yiiframework\web\CController.php(265): CController->runActionWithFilters(Object(CInlineAction), Array)
#8 C:\sichevskyi-uawebchallenge-semifinal-2014\yiiframework\web\CWebApplication.php(282): CController->run('')
#9 C:\sichevskyi-uawebchallenge-semifinal-2014\yiiframework\web\CWebApplication.php(141): CWebApplication->runController('')
#10 C:\sichevskyi-uawebchallenge-semifinal-2014\yiiframework\base\CApplication.php(180): CWebApplication->processRequest()
#11 C:\sichevskyi-uawebchallenge-semifinal-2014\apps\recruiting\index.php(13): CApplication->run()
#12 {main}
REQUEST_URI=/index.php?=site/linkedInCallback&code=AQQvlpeo_Mn9CAmEpk_oi8jVH8JcJvpg924MrT3tp45-duQABnOpDS4gqsn09tOiMKxG1Uql_JXRFRdf8_M47B7eQRZ-Imb1GblWIuB1kpj-SAopUFc&state=5454bb539e0d01%2E60096675
---
2014/11/01 11:54:27 [error] [exception.InvalidArgumentException] exception 'InvalidArgumentException' with message 'Invalid authorization code. Pass in the "code" parameter from your callback url' in C:\sichevskyi-uawebchallenge-semifinal-2014\apps\recruiting\protected\extensions\linkedin\LinkedInApi.php:93
Stack trace:
#0 C:\sichevskyi-uawebchallenge-semifinal-2014\apps\recruiting\protected\extensions\linkedin\LinkedInApi.php(226): LinkedInApi->getAccessToken()
#1 C:\sichevskyi-uawebchallenge-semifinal-2014\apps\recruiting\protected\extensions\linkedin\LinkedInApi.php(197): LinkedInApi->fetch('/people/~:(firs...', Array)
#2 C:\sichevskyi-uawebchallenge-semifinal-2014\apps\recruiting\protected\components\LinkedIn\LinkedIn.php(36): LinkedInApi->get('/people/~:(firs...')
#3 C:\sichevskyi-uawebchallenge-semifinal-2014\apps\recruiting\protected\controllers\SiteController.php(47): LinkedIn->getInfo()
#4 C:\sichevskyi-uawebchallenge-semifinal-2014\yiiframework\web\actions\CInlineAction.php(49): SiteController->actionIndex()
#5 C:\sichevskyi-uawebchallenge-semifinal-2014\yiiframework\web\CController.php(308): CInlineAction->runWithParams(Array)
#6 C:\sichevskyi-uawebchallenge-semifinal-2014\yiiframework\web\CController.php(286): CController->runAction(Object(CInlineAction))
#7 C:\sichevskyi-uawebchallenge-semifinal-2014\yiiframework\web\CController.php(265): CController->runActionWithFilters(Object(CInlineAction), Array)
#8 C:\sichevskyi-uawebchallenge-semifinal-2014\yiiframework\web\CWebApplication.php(282): CController->run('')
#9 C:\sichevskyi-uawebchallenge-semifinal-2014\yiiframework\web\CWebApplication.php(141): CWebApplication->runController('')
#10 C:\sichevskyi-uawebchallenge-semifinal-2014\yiiframework\base\CApplication.php(180): CWebApplication->processRequest()
#11 C:\sichevskyi-uawebchallenge-semifinal-2014\apps\recruiting\index.php(13): CApplication->run()
#12 {main}
REQUEST_URI=/index.php?=site/linkedInCallback&code=AQQvlpeo_Mn9CAmEpk_oi8jVH8JcJvpg924MrT3tp45-duQABnOpDS4gqsn09tOiMKxG1Uql_JXRFRdf8_M47B7eQRZ-Imb1GblWIuB1kpj-SAopUFc&state=5454bb539e0d01%2E60096675
---
2014/11/01 11:55:15 [error] [exception.InvalidArgumentException] exception 'InvalidArgumentException' with message 'Invalid authorization code. Pass in the "code" parameter from your callback url' in C:\sichevskyi-uawebchallenge-semifinal-2014\apps\recruiting\protected\extensions\linkedin\LinkedInApi.php:93
Stack trace:
#0 C:\sichevskyi-uawebchallenge-semifinal-2014\apps\recruiting\protected\extensions\linkedin\LinkedInApi.php(226): LinkedInApi->getAccessToken()
#1 C:\sichevskyi-uawebchallenge-semifinal-2014\apps\recruiting\protected\extensions\linkedin\LinkedInApi.php(197): LinkedInApi->fetch('/people/~:(firs...', Array)
#2 C:\sichevskyi-uawebchallenge-semifinal-2014\apps\recruiting\protected\components\LinkedIn\LinkedIn.php(36): LinkedInApi->get('/people/~:(firs...')
#3 C:\sichevskyi-uawebchallenge-semifinal-2014\apps\recruiting\protected\controllers\SiteController.php(47): LinkedIn->getInfo()
#4 C:\sichevskyi-uawebchallenge-semifinal-2014\yiiframework\web\actions\CInlineAction.php(49): SiteController->actionIndex()
#5 C:\sichevskyi-uawebchallenge-semifinal-2014\yiiframework\web\CController.php(308): CInlineAction->runWithParams(Array)
#6 C:\sichevskyi-uawebchallenge-semifinal-2014\yiiframework\web\CController.php(286): CController->runAction(Object(CInlineAction))
#7 C:\sichevskyi-uawebchallenge-semifinal-2014\yiiframework\web\CController.php(265): CController->runActionWithFilters(Object(CInlineAction), Array)
#8 C:\sichevskyi-uawebchallenge-semifinal-2014\yiiframework\web\CWebApplication.php(282): CController->run('')
#9 C:\sichevskyi-uawebchallenge-semifinal-2014\yiiframework\web\CWebApplication.php(141): CWebApplication->runController('')
#10 C:\sichevskyi-uawebchallenge-semifinal-2014\yiiframework\base\CApplication.php(180): CWebApplication->processRequest()
#11 C:\sichevskyi-uawebchallenge-semifinal-2014\apps\recruiting\index.php(13): CApplication->run()
#12 {main}
REQUEST_URI=/index.php?=site/linkedInCallback&code=AQQvlpeo_Mn9CAmEpk_oi8jVH8JcJvpg924MrT3tp45-duQABnOpDS4gqsn09tOiMKxG1Uql_JXRFRdf8_M47B7eQRZ-Imb1GblWIuB1kpj-SAopUFc&state=5454bb539e0d01%2E60096675
---
2014/11/01 11:55:30 [error] [exception.InvalidArgumentException] exception 'InvalidArgumentException' with message 'Invalid authorization code. Pass in the "code" parameter from your callback url' in C:\sichevskyi-uawebchallenge-semifinal-2014\apps\recruiting\protected\extensions\linkedin\LinkedInApi.php:93
Stack trace:
#0 C:\sichevskyi-uawebchallenge-semifinal-2014\apps\recruiting\protected\extensions\linkedin\LinkedInApi.php(226): LinkedInApi->getAccessToken()
#1 C:\sichevskyi-uawebchallenge-semifinal-2014\apps\recruiting\protected\extensions\linkedin\LinkedInApi.php(197): LinkedInApi->fetch('/people/~:(firs...', Array)
#2 C:\sichevskyi-uawebchallenge-semifinal-2014\apps\recruiting\protected\components\LinkedIn\LinkedIn.php(36): LinkedInApi->get('/people/~:(firs...')
#3 C:\sichevskyi-uawebchallenge-semifinal-2014\apps\recruiting\protected\controllers\SiteController.php(47): LinkedIn->getInfo()
#4 C:\sichevskyi-uawebchallenge-semifinal-2014\yiiframework\web\actions\CInlineAction.php(49): SiteController->actionIndex()
#5 C:\sichevskyi-uawebchallenge-semifinal-2014\yiiframework\web\CController.php(308): CInlineAction->runWithParams(Array)
#6 C:\sichevskyi-uawebchallenge-semifinal-2014\yiiframework\web\CController.php(286): CController->runAction(Object(CInlineAction))
#7 C:\sichevskyi-uawebchallenge-semifinal-2014\yiiframework\web\CController.php(265): CController->runActionWithFilters(Object(CInlineAction), Array)
#8 C:\sichevskyi-uawebchallenge-semifinal-2014\yiiframework\web\CWebApplication.php(282): CController->run('')
#9 C:\sichevskyi-uawebchallenge-semifinal-2014\yiiframework\web\CWebApplication.php(141): CWebApplication->runController('')
#10 C:\sichevskyi-uawebchallenge-semifinal-2014\yiiframework\base\CApplication.php(180): CWebApplication->processRequest()
#11 C:\sichevskyi-uawebchallenge-semifinal-2014\apps\recruiting\index.php(13): CApplication->run()
#12 {main}
REQUEST_URI=/index.php?=site/linkedInCallback&code=AQQvlpeo_Mn9CAmEpk_oi8jVH8JcJvpg924MrT3tp45-duQABnOpDS4gqsn09tOiMKxG1Uql_JXRFRdf8_M47B7eQRZ-Imb1GblWIuB1kpj-SAopUFc&state=5454bb539e0d01%2E60096675
---
2014/11/01 11:55:33 [error] [exception.InvalidArgumentException] exception 'InvalidArgumentException' with message 'Invalid authorization code. Pass in the "code" parameter from your callback url' in C:\sichevskyi-uawebchallenge-semifinal-2014\apps\recruiting\protected\extensions\linkedin\LinkedInApi.php:93
Stack trace:
#0 C:\sichevskyi-uawebchallenge-semifinal-2014\apps\recruiting\protected\extensions\linkedin\LinkedInApi.php(226): LinkedInApi->getAccessToken()
#1 C:\sichevskyi-uawebchallenge-semifinal-2014\apps\recruiting\protected\extensions\linkedin\LinkedInApi.php(197): LinkedInApi->fetch('/people/~:(firs...', Array)
#2 C:\sichevskyi-uawebchallenge-semifinal-2014\apps\recruiting\protected\components\LinkedIn\LinkedIn.php(36): LinkedInApi->get('/people/~:(firs...')
#3 C:\sichevskyi-uawebchallenge-semifinal-2014\apps\recruiting\protected\controllers\SiteController.php(47): LinkedIn->getInfo()
#4 C:\sichevskyi-uawebchallenge-semifinal-2014\yiiframework\web\actions\CInlineAction.php(49): SiteController->actionIndex()
#5 C:\sichevskyi-uawebchallenge-semifinal-2014\yiiframework\web\CController.php(308): CInlineAction->runWithParams(Array)
#6 C:\sichevskyi-uawebchallenge-semifinal-2014\yiiframework\web\CController.php(286): CController->runAction(Object(CInlineAction))
#7 C:\sichevskyi-uawebchallenge-semifinal-2014\yiiframework\web\CController.php(265): CController->runActionWithFilters(Object(CInlineAction), Array)
#8 C:\sichevskyi-uawebchallenge-semifinal-2014\yiiframework\web\CWebApplication.php(282): CController->run('')
#9 C:\sichevskyi-uawebchallenge-semifinal-2014\yiiframework\web\CWebApplication.php(141): CWebApplication->runController('')
#10 C:\sichevskyi-uawebchallenge-semifinal-2014\yiiframework\base\CApplication.php(180): CWebApplication->processRequest()
#11 C:\sichevskyi-uawebchallenge-semifinal-2014\apps\recruiting\index.php(13): CApplication->run()
#12 {main}
REQUEST_URI=/index.php?=site/linkedInCallback&code=AQQvlpeo_Mn9CAmEpk_oi8jVH8JcJvpg924MrT3tp45-duQABnOpDS4gqsn09tOiMKxG1Uql_JXRFRdf8_M47B7eQRZ-Imb1GblWIuB1kpj-SAopUFc&state=5454bb539e0d01%2E60096675
---
2014/11/01 11:55:50 [error] [exception.InvalidArgumentException] exception 'InvalidArgumentException' with message 'Invalid authorization code. Pass in the "code" parameter from your callback url' in C:\sichevskyi-uawebchallenge-semifinal-2014\apps\recruiting\protected\extensions\linkedin\LinkedInApi.php:93
Stack trace:
#0 C:\sichevskyi-uawebchallenge-semifinal-2014\apps\recruiting\protected\extensions\linkedin\LinkedInApi.php(226): LinkedInApi->getAccessToken()
#1 C:\sichevskyi-uawebchallenge-semifinal-2014\apps\recruiting\protected\extensions\linkedin\LinkedInApi.php(197): LinkedInApi->fetch('/people/~:(firs...', Array)
#2 C:\sichevskyi-uawebchallenge-semifinal-2014\apps\recruiting\protected\components\LinkedIn\LinkedIn.php(36): LinkedInApi->get('/people/~:(firs...')
#3 C:\sichevskyi-uawebchallenge-semifinal-2014\apps\recruiting\protected\controllers\SiteController.php(47): LinkedIn->getInfo()
#4 C:\sichevskyi-uawebchallenge-semifinal-2014\yiiframework\web\actions\CInlineAction.php(49): SiteController->actionIndex()
#5 C:\sichevskyi-uawebchallenge-semifinal-2014\yiiframework\web\CController.php(308): CInlineAction->runWithParams(Array)
#6 C:\sichevskyi-uawebchallenge-semifinal-2014\yiiframework\web\CController.php(286): CController->runAction(Object(CInlineAction))
#7 C:\sichevskyi-uawebchallenge-semifinal-2014\yiiframework\web\CController.php(265): CController->runActionWithFilters(Object(CInlineAction), Array)
#8 C:\sichevskyi-uawebchallenge-semifinal-2014\yiiframework\web\CWebApplication.php(282): CController->run('')
#9 C:\sichevskyi-uawebchallenge-semifinal-2014\yiiframework\web\CWebApplication.php(141): CWebApplication->runController('')
#10 C:\sichevskyi-uawebchallenge-semifinal-2014\yiiframework\base\CApplication.php(180): CWebApplication->processRequest()
#11 C:\sichevskyi-uawebchallenge-semifinal-2014\apps\recruiting\index.php(13): CApplication->run()
#12 {main}
REQUEST_URI=/index.php?=site/linkedInCallback&code=AQQvlpeo_Mn9CAmEpk_oi8jVH8JcJvpg924MrT3tp45-duQABnOpDS4gqsn09tOiMKxG1Uql_JXRFRdf8_M47B7eQRZ-Imb1GblWIuB1kpj-SAopUFc&state=5454bb539e0d01%2E60096675
---
2014/11/01 11:55:59 [error] [exception.InvalidArgumentException] exception 'InvalidArgumentException' with message 'Invalid authorization code. Pass in the "code" parameter from your callback url' in C:\sichevskyi-uawebchallenge-semifinal-2014\apps\recruiting\protected\extensions\linkedin\LinkedInApi.php:93
Stack trace:
#0 C:\sichevskyi-uawebchallenge-semifinal-2014\apps\recruiting\protected\extensions\linkedin\LinkedInApi.php(226): LinkedInApi->getAccessToken()
#1 C:\sichevskyi-uawebchallenge-semifinal-2014\apps\recruiting\protected\extensions\linkedin\LinkedInApi.php(197): LinkedInApi->fetch('/people/~:(firs...', Array)
#2 C:\sichevskyi-uawebchallenge-semifinal-2014\apps\recruiting\protected\components\LinkedIn\LinkedIn.php(36): LinkedInApi->get('/people/~:(firs...')
#3 C:\sichevskyi-uawebchallenge-semifinal-2014\apps\recruiting\protected\controllers\SiteController.php(47): LinkedIn->getInfo()
#4 C:\sichevskyi-uawebchallenge-semifinal-2014\yiiframework\web\actions\CInlineAction.php(49): SiteController->actionIndex()
#5 C:\sichevskyi-uawebchallenge-semifinal-2014\yiiframework\web\CController.php(308): CInlineAction->runWithParams(Array)
#6 C:\sichevskyi-uawebchallenge-semifinal-2014\yiiframework\web\CController.php(286): CController->runAction(Object(CInlineAction))
#7 C:\sichevskyi-uawebchallenge-semifinal-2014\yiiframework\web\CController.php(265): CController->runActionWithFilters(Object(CInlineAction), Array)
#8 C:\sichevskyi-uawebchallenge-semifinal-2014\yiiframework\web\CWebApplication.php(282): CController->run('')
#9 C:\sichevskyi-uawebchallenge-semifinal-2014\yiiframework\web\CWebApplication.php(141): CWebApplication->runController('')
#10 C:\sichevskyi-uawebchallenge-semifinal-2014\yiiframework\base\CApplication.php(180): CWebApplication->processRequest()
#11 C:\sichevskyi-uawebchallenge-semifinal-2014\apps\recruiting\index.php(13): CApplication->run()
#12 {main}
REQUEST_URI=/index.php?=site/linkedInCallback
---
2014/11/01 11:56:01 [error] [exception.InvalidArgumentException] exception 'InvalidArgumentException' with message 'Invalid authorization code. Pass in the "code" parameter from your callback url' in C:\sichevskyi-uawebchallenge-semifinal-2014\apps\recruiting\protected\extensions\linkedin\LinkedInApi.php:93
Stack trace:
#0 C:\sichevskyi-uawebchallenge-semifinal-2014\apps\recruiting\protected\extensions\linkedin\LinkedInApi.php(226): LinkedInApi->getAccessToken()
#1 C:\sichevskyi-uawebchallenge-semifinal-2014\apps\recruiting\protected\extensions\linkedin\LinkedInApi.php(197): LinkedInApi->fetch('/people/~:(firs...', Array)
#2 C:\sichevskyi-uawebchallenge-semifinal-2014\apps\recruiting\protected\components\LinkedIn\LinkedIn.php(36): LinkedInApi->get('/people/~:(firs...')
#3 C:\sichevskyi-uawebchallenge-semifinal-2014\apps\recruiting\protected\controllers\SiteController.php(47): LinkedIn->getInfo()
#4 C:\sichevskyi-uawebchallenge-semifinal-2014\yiiframework\web\actions\CInlineAction.php(49): SiteController->actionIndex()
#5 C:\sichevskyi-uawebchallenge-semifinal-2014\yiiframework\web\CController.php(308): CInlineAction->runWithParams(Array)
#6 C:\sichevskyi-uawebchallenge-semifinal-2014\yiiframework\web\CController.php(286): CController->runAction(Object(CInlineAction))
#7 C:\sichevskyi-uawebchallenge-semifinal-2014\yiiframework\web\CController.php(265): CController->runActionWithFilters(Object(CInlineAction), Array)
#8 C:\sichevskyi-uawebchallenge-semifinal-2014\yiiframework\web\CWebApplication.php(282): CController->run('')
#9 C:\sichevskyi-uawebchallenge-semifinal-2014\yiiframework\web\CWebApplication.php(141): CWebApplication->runController('')
#10 C:\sichevskyi-uawebchallenge-semifinal-2014\yiiframework\base\CApplication.php(180): CWebApplication->processRequest()
#11 C:\sichevskyi-uawebchallenge-semifinal-2014\apps\recruiting\index.php(13): CApplication->run()
#12 {main}
REQUEST_URI=/index.php?=site/linkedInCallback
---
2014/11/01 11:56:12 [error] [exception.InvalidArgumentException] exception 'InvalidArgumentException' with message 'Invalid authorization code. Pass in the "code" parameter from your callback url' in C:\sichevskyi-uawebchallenge-semifinal-2014\apps\recruiting\protected\extensions\linkedin\LinkedInApi.php:93
Stack trace:
#0 C:\sichevskyi-uawebchallenge-semifinal-2014\apps\recruiting\protected\extensions\linkedin\LinkedInApi.php(226): LinkedInApi->getAccessToken()
#1 C:\sichevskyi-uawebchallenge-semifinal-2014\apps\recruiting\protected\extensions\linkedin\LinkedInApi.php(197): LinkedInApi->fetch('/people/~:(firs...', Array)
#2 C:\sichevskyi-uawebchallenge-semifinal-2014\apps\recruiting\protected\components\LinkedIn\LinkedIn.php(36): LinkedInApi->get('/people/~:(firs...')
#3 C:\sichevskyi-uawebchallenge-semifinal-2014\apps\recruiting\protected\controllers\SiteController.php(47): LinkedIn->getInfo()
#4 C:\sichevskyi-uawebchallenge-semifinal-2014\yiiframework\web\actions\CInlineAction.php(49): SiteController->actionIndex()
#5 C:\sichevskyi-uawebchallenge-semifinal-2014\yiiframework\web\CController.php(308): CInlineAction->runWithParams(Array)
#6 C:\sichevskyi-uawebchallenge-semifinal-2014\yiiframework\web\CController.php(286): CController->runAction(Object(CInlineAction))
#7 C:\sichevskyi-uawebchallenge-semifinal-2014\yiiframework\web\CController.php(265): CController->runActionWithFilters(Object(CInlineAction), Array)
#8 C:\sichevskyi-uawebchallenge-semifinal-2014\yiiframework\web\CWebApplication.php(282): CController->run('')
#9 C:\sichevskyi-uawebchallenge-semifinal-2014\yiiframework\web\CWebApplication.php(141): CWebApplication->runController('')
#10 C:\sichevskyi-uawebchallenge-semifinal-2014\yiiframework\base\CApplication.php(180): CWebApplication->processRequest()
#11 C:\sichevskyi-uawebchallenge-semifinal-2014\apps\recruiting\index.php(13): CApplication->run()
#12 {main}
REQUEST_URI=/index.php?=site/linkedInCallback
---
2014/11/01 11:56:13 [error] [exception.InvalidArgumentException] exception 'InvalidArgumentException' with message 'Invalid authorization code. Pass in the "code" parameter from your callback url' in C:\sichevskyi-uawebchallenge-semifinal-2014\apps\recruiting\protected\extensions\linkedin\LinkedInApi.php:93
Stack trace:
#0 C:\sichevskyi-uawebchallenge-semifinal-2014\apps\recruiting\protected\extensions\linkedin\LinkedInApi.php(226): LinkedInApi->getAccessToken()
#1 C:\sichevskyi-uawebchallenge-semifinal-2014\apps\recruiting\protected\extensions\linkedin\LinkedInApi.php(197): LinkedInApi->fetch('/people/~:(firs...', Array)
#2 C:\sichevskyi-uawebchallenge-semifinal-2014\apps\recruiting\protected\components\LinkedIn\LinkedIn.php(36): LinkedInApi->get('/people/~:(firs...')
#3 C:\sichevskyi-uawebchallenge-semifinal-2014\apps\recruiting\protected\controllers\SiteController.php(47): LinkedIn->getInfo()
#4 C:\sichevskyi-uawebchallenge-semifinal-2014\yiiframework\web\actions\CInlineAction.php(49): SiteController->actionIndex()
#5 C:\sichevskyi-uawebchallenge-semifinal-2014\yiiframework\web\CController.php(308): CInlineAction->runWithParams(Array)
#6 C:\sichevskyi-uawebchallenge-semifinal-2014\yiiframework\web\CController.php(286): CController->runAction(Object(CInlineAction))
#7 C:\sichevskyi-uawebchallenge-semifinal-2014\yiiframework\web\CController.php(265): CController->runActionWithFilters(Object(CInlineAction), Array)
#8 C:\sichevskyi-uawebchallenge-semifinal-2014\yiiframework\web\CWebApplication.php(282): CController->run('')
#9 C:\sichevskyi-uawebchallenge-semifinal-2014\yiiframework\web\CWebApplication.php(141): CWebApplication->runController('')
#10 C:\sichevskyi-uawebchallenge-semifinal-2014\yiiframework\base\CApplication.php(180): CWebApplication->processRequest()
#11 C:\sichevskyi-uawebchallenge-semifinal-2014\apps\recruiting\index.php(13): CApplication->run()
#12 {main}
REQUEST_URI=/index.php?=site/linkedInCallback
---
2014/11/01 11:59:53 [error] [exception.InvalidArgumentException] exception 'InvalidArgumentException' with message 'Invalid authorization code. Pass in the "code" parameter from your callback url' in C:\sichevskyi-uawebchallenge-semifinal-2014\apps\recruiting\protected\extensions\linkedin\LinkedInApi.php:93
Stack trace:
#0 C:\sichevskyi-uawebchallenge-semifinal-2014\apps\recruiting\protected\extensions\linkedin\LinkedInApi.php(226): LinkedInApi->getAccessToken()
#1 C:\sichevskyi-uawebchallenge-semifinal-2014\apps\recruiting\protected\extensions\linkedin\LinkedInApi.php(197): LinkedInApi->fetch('/people/~:(firs...', Array)
#2 C:\sichevskyi-uawebchallenge-semifinal-2014\apps\recruiting\protected\components\LinkedIn\LinkedIn.php(36): LinkedInApi->get('/people/~:(firs...')
#3 C:\sichevskyi-uawebchallenge-semifinal-2014\apps\recruiting\protected\controllers\SiteController.php(32): LinkedIn->getInfo()
#4 C:\sichevskyi-uawebchallenge-semifinal-2014\yiiframework\web\actions\CInlineAction.php(49): SiteController->actionIndex()
#5 C:\sichevskyi-uawebchallenge-semifinal-2014\yiiframework\web\CController.php(308): CInlineAction->runWithParams(Array)
#6 C:\sichevskyi-uawebchallenge-semifinal-2014\yiiframework\web\CController.php(286): CController->runAction(Object(CInlineAction))
#7 C:\sichevskyi-uawebchallenge-semifinal-2014\yiiframework\web\CController.php(265): CController->runActionWithFilters(Object(CInlineAction), Array)
#8 C:\sichevskyi-uawebchallenge-semifinal-2014\yiiframework\web\CWebApplication.php(282): CController->run('index')
#9 C:\sichevskyi-uawebchallenge-semifinal-2014\yiiframework\web\CWebApplication.php(141): CWebApplication->runController('site/index')
#10 C:\sichevskyi-uawebchallenge-semifinal-2014\yiiframework\base\CApplication.php(180): CWebApplication->processRequest()
#11 C:\sichevskyi-uawebchallenge-semifinal-2014\apps\recruiting\index.php(13): CApplication->run()
#12 {main}
REQUEST_URI=/index.php?r=site/index
---
2014/11/01 12:00:23 [error] [exception.InvalidArgumentException] exception 'InvalidArgumentException' with message 'Invalid authorization code. Pass in the "code" parameter from your callback url' in C:\sichevskyi-uawebchallenge-semifinal-2014\apps\recruiting\protected\extensions\linkedin\LinkedInApi.php:93
Stack trace:
#0 C:\sichevskyi-uawebchallenge-semifinal-2014\apps\recruiting\protected\extensions\linkedin\LinkedInApi.php(226): LinkedInApi->getAccessToken()
#1 C:\sichevskyi-uawebchallenge-semifinal-2014\apps\recruiting\protected\extensions\linkedin\LinkedInApi.php(197): LinkedInApi->fetch('/people/~:(firs...', Array)
#2 C:\sichevskyi-uawebchallenge-semifinal-2014\apps\recruiting\protected\components\LinkedIn\LinkedIn.php(36): LinkedInApi->get('/people/~:(firs...')
#3 C:\sichevskyi-uawebchallenge-semifinal-2014\apps\recruiting\protected\controllers\SiteController.php(47): LinkedIn->getInfo()
#4 C:\sichevskyi-uawebchallenge-semifinal-2014\yiiframework\web\actions\CInlineAction.php(49): SiteController->actionIndex()
#5 C:\sichevskyi-uawebchallenge-semifinal-2014\yiiframework\web\CController.php(308): CInlineAction->runWithParams(Array)
#6 C:\sichevskyi-uawebchallenge-semifinal-2014\yiiframework\web\CController.php(286): CController->runAction(Object(CInlineAction))
#7 C:\sichevskyi-uawebchallenge-semifinal-2014\yiiframework\web\CController.php(265): CController->runActionWithFilters(Object(CInlineAction), Array)
#8 C:\sichevskyi-uawebchallenge-semifinal-2014\yiiframework\web\CWebApplication.php(282): CController->run('index')
#9 C:\sichevskyi-uawebchallenge-semifinal-2014\yiiframework\web\CWebApplication.php(141): CWebApplication->runController('site/index')
#10 C:\sichevskyi-uawebchallenge-semifinal-2014\yiiframework\base\CApplication.php(180): CWebApplication->processRequest()
#11 C:\sichevskyi-uawebchallenge-semifinal-2014\apps\recruiting\index.php(13): CApplication->run()
#12 {main}
REQUEST_URI=/index.php?r=site/index
---
2014/11/01 12:04:57 [error] [exception.RuntimeException] exception 'RuntimeException' with message 'Access Token Request Error: invalid_request -- missing required parameters, includes an invalid parameter value, parameter more than once. : Unable to retrieve access token : appId or redirect uri does not match authorization code or authorization code expired' in C:\sichevskyi-uawebchallenge-semifinal-2014\apps\recruiting\protected\extensions\linkedin\LinkedInApi.php:109
Stack trace:
#0 C:\sichevskyi-uawebchallenge-semifinal-2014\apps\recruiting\protected\components\LinkedIn\LinkedIn.php(55): LinkedInApi->getAccessToken('AQS6zRm1fzbtV-h...')
#1 C:\sichevskyi-uawebchallenge-semifinal-2014\apps\recruiting\protected\controllers\SiteController.php(64): LinkedIn->getAccessToken('AQS6zRm1fzbtV-h...')
#2 C:\sichevskyi-uawebchallenge-semifinal-2014\yiiframework\web\actions\CInlineAction.php(49): SiteController->actionLinkedInCallback()
#3 C:\sichevskyi-uawebchallenge-semifinal-2014\yiiframework\web\CController.php(308): CInlineAction->runWithParams(Array)
#4 C:\sichevskyi-uawebchallenge-semifinal-2014\yiiframework\web\CController.php(286): CController->runAction(Object(CInlineAction))
#5 C:\sichevskyi-uawebchallenge-semifinal-2014\yiiframework\web\CController.php(265): CController->runActionWithFilters(Object(CInlineAction), Array)
#6 C:\sichevskyi-uawebchallenge-semifinal-2014\yiiframework\web\CWebApplication.php(282): CController->run('linkedInCallbac...')
#7 C:\sichevskyi-uawebchallenge-semifinal-2014\yiiframework\web\CWebApplication.php(141): CWebApplication->runController('site/linkedInCa...')
#8 C:\sichevskyi-uawebchallenge-semifinal-2014\yiiframework\base\CApplication.php(180): CWebApplication->processRequest()
#9 C:\sichevskyi-uawebchallenge-semifinal-2014\apps\recruiting\index.php(13): CApplication->run()
#10 {main}
REQUEST_URI=/index.php?r=site/linkedInCallback&code=AQS6zRm1fzbtV-hNBd-L2CX2jlwpX5nFxDd9_QoobiUqO32M7FlpfW6D-jj22gmWc117NWotiWOtkomD4iJOXthQ1mGSD3v3FFCvD1Zu0lZ58C8CXcE&state=5454bd83570e49%2E37444356
---
2014/11/01 12:06:58 [error] [exception.RuntimeException] exception 'RuntimeException' with message 'Request Error: Invalid access token.. Raw Response: Array
(
    [errorCode] => 0
    [message] => Invalid access token.
    [requestId] => N9I9HJCOFB
    [status] => 401
    [timestamp] => 1414840042801
)
' in C:\sichevskyi-uawebchallenge-semifinal-2014\apps\recruiting\protected\extensions\linkedin\LinkedInApi.php:296
Stack trace:
#0 C:\sichevskyi-uawebchallenge-semifinal-2014\apps\recruiting\protected\extensions\linkedin\LinkedInApi.php(229): LinkedInApi->_makeRequest('https://api.lin...', Array, 'GET', Array, Array)
#1 C:\sichevskyi-uawebchallenge-semifinal-2014\apps\recruiting\protected\extensions\linkedin\LinkedInApi.php(197): LinkedInApi->fetch('/people/~:(firs...', Array)
#2 C:\sichevskyi-uawebchallenge-semifinal-2014\apps\recruiting\protected\components\LinkedIn\LinkedIn.php(38): LinkedInApi->get('/people/~:(firs...')
#3 C:\sichevskyi-uawebchallenge-semifinal-2014\apps\recruiting\protected\controllers\SiteController.php(45): LinkedIn->getInfo()
#4 C:\sichevskyi-uawebchallenge-semifinal-2014\yiiframework\web\actions\CInlineAction.php(49): SiteController->actionIndex()
#5 C:\sichevskyi-uawebchallenge-semifinal-2014\yiiframework\web\CController.php(308): CInlineAction->runWithParams(Array)
#6 C:\sichevskyi-uawebchallenge-semifinal-2014\yiiframework\web\CController.php(286): CController->runAction(Object(CInlineAction))
#7 C:\sichevskyi-uawebchallenge-semifinal-2014\yiiframework\web\CController.php(265): CController->runActionWithFilters(Object(CInlineAction), Array)
#8 C:\sichevskyi-uawebchallenge-semifinal-2014\yiiframework\web\CWebApplication.php(282): CController->run('index')
#9 C:\sichevskyi-uawebchallenge-semifinal-2014\yiiframework\web\CWebApplication.php(141): CWebApplication->runController('site/index')
#10 C:\sichevskyi-uawebchallenge-semifinal-2014\yiiframework\base\CApplication.php(180): CWebApplication->processRequest()
#11 C:\sichevskyi-uawebchallenge-semifinal-2014\apps\recruiting\index.php(13): CApplication->run()
#12 {main}
REQUEST_URI=/index.php?r=site/index
---
2014/11/01 12:07:47 [error] [exception.InvalidArgumentException] exception 'InvalidArgumentException' with message 'Invalid authorization code. Pass in the "code" parameter from your callback url' in C:\sichevskyi-uawebchallenge-semifinal-2014\apps\recruiting\protected\extensions\linkedin\LinkedInApi.php:93
Stack trace:
#0 C:\sichevskyi-uawebchallenge-semifinal-2014\apps\recruiting\protected\extensions\linkedin\LinkedInApi.php(226): LinkedInApi->getAccessToken()
#1 C:\sichevskyi-uawebchallenge-semifinal-2014\apps\recruiting\protected\extensions\linkedin\LinkedInApi.php(197): LinkedInApi->fetch('/people/~:(firs...', Array)
#2 C:\sichevskyi-uawebchallenge-semifinal-2014\apps\recruiting\protected\components\LinkedIn\LinkedIn.php(36): LinkedInApi->get('/people/~:(firs...')
#3 C:\sichevskyi-uawebchallenge-semifinal-2014\apps\recruiting\protected\controllers\SiteController.php(45): LinkedIn->getInfo()
#4 C:\sichevskyi-uawebchallenge-semifinal-2014\yiiframework\web\actions\CInlineAction.php(49): SiteController->actionIndex()
#5 C:\sichevskyi-uawebchallenge-semifinal-2014\yiiframework\web\CController.php(308): CInlineAction->runWithParams(Array)
#6 C:\sichevskyi-uawebchallenge-semifinal-2014\yiiframework\web\CController.php(286): CController->runAction(Object(CInlineAction))
#7 C:\sichevskyi-uawebchallenge-semifinal-2014\yiiframework\web\CController.php(265): CController->runActionWithFilters(Object(CInlineAction), Array)
#8 C:\sichevskyi-uawebchallenge-semifinal-2014\yiiframework\web\CWebApplication.php(282): CController->run('index')
#9 C:\sichevskyi-uawebchallenge-semifinal-2014\yiiframework\web\CWebApplication.php(141): CWebApplication->runController('site/index')
#10 C:\sichevskyi-uawebchallenge-semifinal-2014\yiiframework\base\CApplication.php(180): CWebApplication->processRequest()
#11 C:\sichevskyi-uawebchallenge-semifinal-2014\apps\recruiting\index.php(13): CApplication->run()
#12 {main}
REQUEST_URI=/index.php?r=site/index
---
2014/11/01 12:09:37 [error] [exception.InvalidArgumentException] exception 'InvalidArgumentException' with message 'Invalid access token' in C:\sichevskyi-uawebchallenge-semifinal-2014\apps\recruiting\protected\extensions\linkedin\LinkedInApi.php:139
Stack trace:
#0 C:\sichevskyi-uawebchallenge-semifinal-2014\apps\recruiting\protected\components\LinkedIn\LinkedIn.php(36): LinkedInApi->setAccessToken(NULL)
#1 C:\sichevskyi-uawebchallenge-semifinal-2014\apps\recruiting\protected\controllers\SiteController.php(45): LinkedIn->getInfo()
#2 C:\sichevskyi-uawebchallenge-semifinal-2014\yiiframework\web\actions\CInlineAction.php(49): SiteController->actionIndex()
#3 C:\sichevskyi-uawebchallenge-semifinal-2014\yiiframework\web\CController.php(308): CInlineAction->runWithParams(Array)
#4 C:\sichevskyi-uawebchallenge-semifinal-2014\yiiframework\web\CController.php(286): CController->runAction(Object(CInlineAction))
#5 C:\sichevskyi-uawebchallenge-semifinal-2014\yiiframework\web\CController.php(265): CController->runActionWithFilters(Object(CInlineAction), Array)
#6 C:\sichevskyi-uawebchallenge-semifinal-2014\yiiframework\web\CWebApplication.php(282): CController->run('index')
#7 C:\sichevskyi-uawebchallenge-semifinal-2014\yiiframework\web\CWebApplication.php(141): CWebApplication->runController('site/index')
#8 C:\sichevskyi-uawebchallenge-semifinal-2014\yiiframework\base\CApplication.php(180): CWebApplication->processRequest()
#9 C:\sichevskyi-uawebchallenge-semifinal-2014\apps\recruiting\index.php(13): CApplication->run()
#10 {main}
REQUEST_URI=/index.php?r=site/index
---
2014/11/01 12:09:50 [error] [exception.InvalidArgumentException] exception 'InvalidArgumentException' with message 'Invalid access token' in C:\sichevskyi-uawebchallenge-semifinal-2014\apps\recruiting\protected\extensions\linkedin\LinkedInApi.php:139
Stack trace:
#0 C:\sichevskyi-uawebchallenge-semifinal-2014\apps\recruiting\protected\components\LinkedIn\LinkedIn.php(36): LinkedInApi->setAccessToken(NULL)
#1 C:\sichevskyi-uawebchallenge-semifinal-2014\apps\recruiting\protected\controllers\SiteController.php(45): LinkedIn->getInfo()
#2 C:\sichevskyi-uawebchallenge-semifinal-2014\yiiframework\web\actions\CInlineAction.php(49): SiteController->actionIndex()
#3 C:\sichevskyi-uawebchallenge-semifinal-2014\yiiframework\web\CController.php(308): CInlineAction->runWithParams(Array)
#4 C:\sichevskyi-uawebchallenge-semifinal-2014\yiiframework\web\CController.php(286): CController->runAction(Object(CInlineAction))
#5 C:\sichevskyi-uawebchallenge-semifinal-2014\yiiframework\web\CController.php(265): CController->runActionWithFilters(Object(CInlineAction), Array)
#6 C:\sichevskyi-uawebchallenge-semifinal-2014\yiiframework\web\CWebApplication.php(282): CController->run('index')
#7 C:\sichevskyi-uawebchallenge-semifinal-2014\yiiframework\web\CWebApplication.php(141): CWebApplication->runController('site/index')
#8 C:\sichevskyi-uawebchallenge-semifinal-2014\yiiframework\base\CApplication.php(180): CWebApplication->processRequest()
#9 C:\sichevskyi-uawebchallenge-semifinal-2014\apps\recruiting\index.php(13): CApplication->run()
#10 {main}
REQUEST_URI=/index.php?r=site/index
---
2014/11/01 12:18:24 [error] [exception.RuntimeException] exception 'RuntimeException' with message 'Access Token Request Error: invalid_request -- missing required parameters, includes an invalid parameter value, parameter more than once. : Unable to retrieve access token : appId or redirect uri does not match authorization code or authorization code expired' in C:\sichevskyi-uawebchallenge-semifinal-2014\apps\recruiting\protected\extensions\linkedin\LinkedInApi.php:109
Stack trace:
#0 C:\sichevskyi-uawebchallenge-semifinal-2014\apps\recruiting\protected\components\LinkedIn\LinkedIn.php(57): LinkedInApi->getAccessToken('AQQvxpyqRrcTy9v...')
#1 C:\sichevskyi-uawebchallenge-semifinal-2014\apps\recruiting\protected\controllers\SiteController.php(69): LinkedIn->getAccessToken('AQQvxpyqRrcTy9v...')
#2 C:\sichevskyi-uawebchallenge-semifinal-2014\yiiframework\web\actions\CInlineAction.php(49): SiteController->actionLinkedInCallback()
#3 C:\sichevskyi-uawebchallenge-semifinal-2014\yiiframework\web\CController.php(308): CInlineAction->runWithParams(Array)
#4 C:\sichevskyi-uawebchallenge-semifinal-2014\yiiframework\web\CController.php(286): CController->runAction(Object(CInlineAction))
#5 C:\sichevskyi-uawebchallenge-semifinal-2014\yiiframework\web\CController.php(265): CController->runActionWithFilters(Object(CInlineAction), Array)
#6 C:\sichevskyi-uawebchallenge-semifinal-2014\yiiframework\web\CWebApplication.php(282): CController->run('linkedInCallbac...')
#7 C:\sichevskyi-uawebchallenge-semifinal-2014\yiiframework\web\CWebApplication.php(141): CWebApplication->runController('site/linkedInCa...')
#8 C:\sichevskyi-uawebchallenge-semifinal-2014\yiiframework\base\CApplication.php(180): CWebApplication->processRequest()
#9 C:\sichevskyi-uawebchallenge-semifinal-2014\apps\recruiting\index.php(13): CApplication->run()
#10 {main}
REQUEST_URI=/index.php?r=site/linkedInCallback&code=AQQvxpyqRrcTy9vAzPuztP6PC5vcvbZlr4NKN3ao0m0FdRR511g5jxh4BEEv6cuQohq6AV3Wx02rZlVMyEFmSCuVoIqaZdpGx90R7WCTAa8Y3k9AdJw&state=5454c15a6a9227%2E44918455
HTTP_REFERER=http://localhost/index.php?r=site/linkedInLogin
---
2014/11/01 12:27:08 [error] [exception.CHttpException.404] exception 'CHttpException' with message 'The system is unable to find the requested action "as".' in C:\sichevskyi-uawebchallenge-semifinal-2014\yiiframework\web\CController.php:483
Stack trace:
#0 C:\sichevskyi-uawebchallenge-semifinal-2014\yiiframework\web\CController.php(270): CController->missingAction('as')
#1 C:\sichevskyi-uawebchallenge-semifinal-2014\yiiframework\web\CWebApplication.php(282): CController->run('as')
#2 C:\sichevskyi-uawebchallenge-semifinal-2014\yiiframework\web\CWebApplication.php(141): CWebApplication->runController('site/as')
#3 C:\sichevskyi-uawebchallenge-semifinal-2014\yiiframework\base\CApplication.php(180): CWebApplication->processRequest()
#4 C:\sichevskyi-uawebchallenge-semifinal-2014\apps\recruiting\index.php(13): CApplication->run()
#5 {main}
REQUEST_URI=/index.php?r=site/as
HTTP_REFERER=http://localhost/index.php?r=site/index
---
2014/11/01 12:31:25 [error] [exception.RuntimeException] exception 'RuntimeException' with message 'Request Error: Unknown authentication scheme. Raw Response: Array
(
    [errorCode] => 0
    [message] => Unknown authentication scheme
    [requestId] => ZGA9W005LO
    [status] => 401
    [timestamp] => 1414841510420
)
' in C:\sichevskyi-uawebchallenge-semifinal-2014\apps\recruiting\protected\extensions\linkedin\LinkedInApi.php:296
Stack trace:
#0 C:\sichevskyi-uawebchallenge-semifinal-2014\apps\recruiting\protected\extensions\linkedin\LinkedInApi.php(229): LinkedInApi->_makeRequest('https://api.lin...', Array, 'GET', Array, Array)
#1 C:\sichevskyi-uawebchallenge-semifinal-2014\apps\recruiting\protected\extensions\linkedin\LinkedInApi.php(197): LinkedInApi->fetch('/people-search?...', Array)
#2 C:\sichevskyi-uawebchallenge-semifinal-2014\apps\recruiting\protected\components\LinkedIn\LinkedIn.php(47): LinkedInApi->get('/people-search?...')
#3 C:\sichevskyi-uawebchallenge-semifinal-2014\apps\recruiting\protected\controllers\SiteController.php(46): LinkedIn->peopleSearch('123')
#4 C:\sichevskyi-uawebchallenge-semifinal-2014\yiiframework\web\actions\CInlineAction.php(49): SiteController->actionIndex()
#5 C:\sichevskyi-uawebchallenge-semifinal-2014\yiiframework\web\CController.php(308): CInlineAction->runWithParams(Array)
#6 C:\sichevskyi-uawebchallenge-semifinal-2014\yiiframework\web\CController.php(286): CController->runAction(Object(CInlineAction))
#7 C:\sichevskyi-uawebchallenge-semifinal-2014\yiiframework\web\CController.php(265): CController->runActionWithFilters(Object(CInlineAction), Array)
#8 C:\sichevskyi-uawebchallenge-semifinal-2014\yiiframework\web\CWebApplication.php(282): CController->run('index')
#9 C:\sichevskyi-uawebchallenge-semifinal-2014\yiiframework\web\CWebApplication.php(141): CWebApplication->runController('site/index')
#10 C:\sichevskyi-uawebchallenge-semifinal-2014\yiiframework\base\CApplication.php(180): CWebApplication->processRequest()
#11 C:\sichevskyi-uawebchallenge-semifinal-2014\apps\recruiting\index.php(13): CApplication->run()
#12 {main}
REQUEST_URI=/index.php?r=site/index
HTTP_REFERER=http://localhost/index.php?r=site/index
---
2014/11/01 12:38:11 [error] [exception.RuntimeException] exception 'RuntimeException' with message 'Request Error: Unknown authentication scheme. Raw Response: Array
(
    [errorCode] => 0
    [message] => Unknown authentication scheme
    [requestId] => QUGYW2DIIF
    [status] => 401
    [timestamp] => 1414841916096
)
' in C:\sichevskyi-uawebchallenge-semifinal-2014\apps\recruiting\protected\extensions\linkedin\LinkedInApi.php:297
Stack trace:
#0 C:\sichevskyi-uawebchallenge-semifinal-2014\apps\recruiting\protected\extensions\linkedin\LinkedInApi.php(229): LinkedInApi->_makeRequest('https://api.lin...', Array, 'GET', Array, Array)
#1 C:\sichevskyi-uawebchallenge-semifinal-2014\apps\recruiting\protected\extensions\linkedin\LinkedInApi.php(197): LinkedInApi->fetch('/people-search?...', Array)
#2 C:\sichevskyi-uawebchallenge-semifinal-2014\apps\recruiting\protected\components\LinkedIn\LinkedIn.php(47): LinkedInApi->get('/people-search?...')
#3 C:\sichevskyi-uawebchallenge-semifinal-2014\apps\recruiting\protected\controllers\SiteController.php(46): LinkedIn->peopleSearch('123')
#4 C:\sichevskyi-uawebchallenge-semifinal-2014\yiiframework\web\actions\CInlineAction.php(49): SiteController->actionIndex()
#5 C:\sichevskyi-uawebchallenge-semifinal-2014\yiiframework\web\CController.php(308): CInlineAction->runWithParams(Array)
#6 C:\sichevskyi-uawebchallenge-semifinal-2014\yiiframework\web\CController.php(286): CController->runAction(Object(CInlineAction))
#7 C:\sichevskyi-uawebchallenge-semifinal-2014\yiiframework\web\CController.php(265): CController->runActionWithFilters(Object(CInlineAction), Array)
#8 C:\sichevskyi-uawebchallenge-semifinal-2014\yiiframework\web\CWebApplication.php(282): CController->run('index')
#9 C:\sichevskyi-uawebchallenge-semifinal-2014\yiiframework\web\CWebApplication.php(141): CWebApplication->runController('site/index')
#10 C:\sichevskyi-uawebchallenge-semifinal-2014\yiiframework\base\CApplication.php(180): CWebApplication->processRequest()
#11 C:\sichevskyi-uawebchallenge-semifinal-2014\apps\recruiting\index.php(13): CApplication->run()
#12 {main}
REQUEST_URI=/index.php?r=site/index
HTTP_REFERER=http://localhost/index.php?r=site/index
---
2014/11/01 12:40:24 [error] [exception.RuntimeException] exception 'RuntimeException' with message 'Request Error: Unknown authentication scheme. Raw Response: Array
(
    [errorCode] => 0
    [message] => Unknown authentication scheme
    [requestId] => CLRZL4PBUR
    [status] => 401
    [timestamp] => 1414842048874
)
' in C:\sichevskyi-uawebchallenge-semifinal-2014\apps\recruiting\protected\extensions\linkedin\LinkedInApi.php:297
Stack trace:
#0 C:\sichevskyi-uawebchallenge-semifinal-2014\apps\recruiting\protected\extensions\linkedin\LinkedInApi.php(229): LinkedInApi->_makeRequest('https://api.lin...', Array, 'GET', Array, Array)
#1 C:\sichevskyi-uawebchallenge-semifinal-2014\apps\recruiting\protected\extensions\linkedin\LinkedInApi.php(197): LinkedInApi->fetch('/people-search?...', Array)
#2 C:\sichevskyi-uawebchallenge-semifinal-2014\apps\recruiting\protected\components\LinkedIn\LinkedIn.php(47): LinkedInApi->get('/people-search?...')
#3 C:\sichevskyi-uawebchallenge-semifinal-2014\apps\recruiting\protected\controllers\SiteController.php(46): LinkedIn->peopleSearch('123')
#4 C:\sichevskyi-uawebchallenge-semifinal-2014\yiiframework\web\actions\CInlineAction.php(49): SiteController->actionIndex()
#5 C:\sichevskyi-uawebchallenge-semifinal-2014\yiiframework\web\CController.php(308): CInlineAction->runWithParams(Array)
#6 C:\sichevskyi-uawebchallenge-semifinal-2014\yiiframework\web\CController.php(286): CController->runAction(Object(CInlineAction))
#7 C:\sichevskyi-uawebchallenge-semifinal-2014\yiiframework\web\CController.php(265): CController->runActionWithFilters(Object(CInlineAction), Array)
#8 C:\sichevskyi-uawebchallenge-semifinal-2014\yiiframework\web\CWebApplication.php(282): CController->run('index')
#9 C:\sichevskyi-uawebchallenge-semifinal-2014\yiiframework\web\CWebApplication.php(141): CWebApplication->runController('site/index')
#10 C:\sichevskyi-uawebchallenge-semifinal-2014\yiiframework\base\CApplication.php(180): CWebApplication->processRequest()
#11 C:\sichevskyi-uawebchallenge-semifinal-2014\apps\recruiting\index.php(13): CApplication->run()
#12 {main}
REQUEST_URI=/index.php?r=site/index
HTTP_REFERER=http://localhost/index.php?r=site/index
---
2014/11/01 12:48:06 [error] [php] include(LinkedInCache.php): failed to open stream: No such file or directory (C:\sichevskyi-uawebchallenge-semifinal-2014\yiiframework\YiiBase.php:427)
Stack trace:
#0 C:\sichevskyi-uawebchallenge-semifinal-2014\apps\recruiting\protected\components\base\BaseAppComponent.php(56): spl_autoload_call()
#1 C:\sichevskyi-uawebchallenge-semifinal-2014\apps\recruiting\protected\components\LinkedIn\LinkedIn.php(28): LinkedIn->init()
#2 C:\sichevskyi-uawebchallenge-semifinal-2014\yiiframework\base\CModule.php(387): LinkedIn->init()
#3 C:\sichevskyi-uawebchallenge-semifinal-2014\yiiframework\base\CModule.php(103): CWebApplication->getComponent()
#4 C:\sichevskyi-uawebchallenge-semifinal-2014\apps\recruiting\protected\controllers\SiteController.php(46): CWebApplication->__get()
#5 C:\sichevskyi-uawebchallenge-semifinal-2014\yiiframework\web\actions\CInlineAction.php(49): SiteController->actionIndex()
#6 C:\sichevskyi-uawebchallenge-semifinal-2014\yiiframework\web\CController.php(308): CInlineAction->runWithParams()
#7 C:\sichevskyi-uawebchallenge-semifinal-2014\yiiframework\web\CController.php(286): SiteController->runAction()
#8 C:\sichevskyi-uawebchallenge-semifinal-2014\yiiframework\web\CController.php(265): SiteController->runActionWithFilters()
#9 C:\sichevskyi-uawebchallenge-semifinal-2014\yiiframework\web\CWebApplication.php(282): SiteController->run()
#10 C:\sichevskyi-uawebchallenge-semifinal-2014\yiiframework\web\CWebApplication.php(141): CWebApplication->runController()
#11 C:\sichevskyi-uawebchallenge-semifinal-2014\yiiframework\base\CApplication.php(180): CWebApplication->processRequest()
#12 C:\sichevskyi-uawebchallenge-semifinal-2014\apps\recruiting\index.php(13): CWebApplication->run()
REQUEST_URI=/index.php?r=site/index
in C:\sichevskyi-uawebchallenge-semifinal-2014\apps\recruiting\protected\components\base\BaseAppComponent.php (56)
in C:\sichevskyi-uawebchallenge-semifinal-2014\apps\recruiting\protected\components\LinkedIn\LinkedIn.php (28)
in C:\sichevskyi-uawebchallenge-semifinal-2014\apps\recruiting\protected\controllers\SiteController.php (46)
2014/11/01 12:48:16 [error] [exception.RuntimeException] exception 'RuntimeException' with message 'Request Error: Unknown authentication scheme. Raw Response: Array
(
    [errorCode] => 0
    [message] => Unknown authentication scheme
    [requestId] => P2TC7VPD6O
    [status] => 401
    [timestamp] => 1414842521511
)
' in C:\sichevskyi-uawebchallenge-semifinal-2014\apps\recruiting\protected\extensions\linkedin\LinkedInApi.php:297
Stack trace:
#0 C:\sichevskyi-uawebchallenge-semifinal-2014\apps\recruiting\protected\extensions\linkedin\LinkedInApi.php(229): LinkedInApi->_makeRequest('https://api.lin...', Array, 'GET', Array, Array)
#1 C:\sichevskyi-uawebchallenge-semifinal-2014\apps\recruiting\protected\extensions\linkedin\LinkedInApi.php(197): LinkedInApi->fetch('/people-search?...', Array)
#2 C:\sichevskyi-uawebchallenge-semifinal-2014\apps\recruiting\protected\components\LinkedIn\LinkedIn.php(40): LinkedInApi->get('/people-search?...')
#3 C:\sichevskyi-uawebchallenge-semifinal-2014\apps\recruiting\protected\controllers\SiteController.php(46): LinkedIn->peopleSearch('123')
#4 C:\sichevskyi-uawebchallenge-semifinal-2014\yiiframework\web\actions\CInlineAction.php(49): SiteController->actionIndex()
#5 C:\sichevskyi-uawebchallenge-semifinal-2014\yiiframework\web\CController.php(308): CInlineAction->runWithParams(Array)
#6 C:\sichevskyi-uawebchallenge-semifinal-2014\yiiframework\web\CController.php(286): CController->runAction(Object(CInlineAction))
#7 C:\sichevskyi-uawebchallenge-semifinal-2014\yiiframework\web\CController.php(265): CController->runActionWithFilters(Object(CInlineAction), Array)
#8 C:\sichevskyi-uawebchallenge-semifinal-2014\yiiframework\web\CWebApplication.php(282): CController->run('index')
#9 C:\sichevskyi-uawebchallenge-semifinal-2014\yiiframework\web\CWebApplication.php(141): CWebApplication->runController('site/index')
#10 C:\sichevskyi-uawebchallenge-semifinal-2014\yiiframework\base\CApplication.php(180): CWebApplication->processRequest()
#11 C:\sichevskyi-uawebchallenge-semifinal-2014\apps\recruiting\index.php(13): CApplication->run()
#12 {main}
REQUEST_URI=/index.php?r=site/index
---
2014/11/01 12:50:11 [error] [exception.CException] exception 'CException' with message 'Property "CWebApplication.gitHub" is not defined.' in C:\sichevskyi-uawebchallenge-semifinal-2014\yiiframework\base\CComponent.php:130
Stack trace:
#0 C:\sichevskyi-uawebchallenge-semifinal-2014\yiiframework\base\CModule.php(105): CComponent->__get('gitHub')
#1 C:\sichevskyi-uawebchallenge-semifinal-2014\apps\recruiting\protected\controllers\SiteController.php(48): CModule->__get('gitHub')
#2 C:\sichevskyi-uawebchallenge-semifinal-2014\yiiframework\web\actions\CInlineAction.php(49): SiteController->actionIndex()
#3 C:\sichevskyi-uawebchallenge-semifinal-2014\yiiframework\web\CController.php(308): CInlineAction->runWithParams(Array)
#4 C:\sichevskyi-uawebchallenge-semifinal-2014\yiiframework\web\CController.php(286): CController->runAction(Object(CInlineAction))
#5 C:\sichevskyi-uawebchallenge-semifinal-2014\yiiframework\web\CController.php(265): CController->runActionWithFilters(Object(CInlineAction), Array)
#6 C:\sichevskyi-uawebchallenge-semifinal-2014\yiiframework\web\CWebApplication.php(282): CController->run('index')
#7 C:\sichevskyi-uawebchallenge-semifinal-2014\yiiframework\web\CWebApplication.php(141): CWebApplication->runController('site/index')
#8 C:\sichevskyi-uawebchallenge-semifinal-2014\yiiframework\base\CApplication.php(180): CWebApplication->processRequest()
#9 C:\sichevskyi-uawebchallenge-semifinal-2014\apps\recruiting\index.php(13): CApplication->run()
#10 {main}
REQUEST_URI=/index.php?r=site/index
---
2014/11/01 13:01:59 [error] [php] Undefined offset: 1 (C:\sichevskyi-uawebchallenge-semifinal-2014\apps\recruiting\protected\extensions\github\GitHubClientBase.php:331)
Stack trace:
#0 C:\sichevskyi-uawebchallenge-semifinal-2014\apps\recruiting\protected\controllers\SiteController.php(48): GitHubRepos->listRepositories()
#1 C:\sichevskyi-uawebchallenge-semifinal-2014\yiiframework\web\actions\CInlineAction.php(49): SiteController->actionIndex()
#2 C:\sichevskyi-uawebchallenge-semifinal-2014\yiiframework\web\CController.php(308): CInlineAction->runWithParams()
#3 C:\sichevskyi-uawebchallenge-semifinal-2014\yiiframework\web\CController.php(286): SiteController->runAction()
#4 C:\sichevskyi-uawebchallenge-semifinal-2014\yiiframework\web\CController.php(265): SiteController->runActionWithFilters()
#5 C:\sichevskyi-uawebchallenge-semifinal-2014\yiiframework\web\CWebApplication.php(282): SiteController->run()
#6 C:\sichevskyi-uawebchallenge-semifinal-2014\yiiframework\web\CWebApplication.php(141): CWebApplication->runController()
#7 C:\sichevskyi-uawebchallenge-semifinal-2014\yiiframework\base\CApplication.php(180): CWebApplication->processRequest()
#8 C:\sichevskyi-uawebchallenge-semifinal-2014\apps\recruiting\index.php(13): CWebApplication->run()
REQUEST_URI=/index.php?r=site/index
in C:\sichevskyi-uawebchallenge-semifinal-2014\apps\recruiting\protected\extensions\github\GitHubClientBase.php (331)
in C:\sichevskyi-uawebchallenge-semifinal-2014\apps\recruiting\protected\extensions\github\GitHubClientBase.php (282)
in C:\sichevskyi-uawebchallenge-semifinal-2014\apps\recruiting\protected\extensions\github\services\GitHubRepos.php (186)
2014/11/01 13:02:58 [error] [php] Undefined offset: 1 (C:\sichevskyi-uawebchallenge-semifinal-2014\apps\recruiting\protected\extensions\github\GitHubClientBase.php:331)
Stack trace:
#0 C:\sichevskyi-uawebchallenge-semifinal-2014\apps\recruiting\protected\controllers\SiteController.php(51): GitHubRepos->listRepositories()
#1 C:\sichevskyi-uawebchallenge-semifinal-2014\yiiframework\web\actions\CInlineAction.php(49): SiteController->actionIndex()
#2 C:\sichevskyi-uawebchallenge-semifinal-2014\yiiframework\web\CController.php(308): CInlineAction->runWithParams()
#3 C:\sichevskyi-uawebchallenge-semifinal-2014\yiiframework\web\CController.php(286): SiteController->runAction()
#4 C:\sichevskyi-uawebchallenge-semifinal-2014\yiiframework\web\CController.php(265): SiteController->runActionWithFilters()
#5 C:\sichevskyi-uawebchallenge-semifinal-2014\yiiframework\web\CWebApplication.php(282): SiteController->run()
#6 C:\sichevskyi-uawebchallenge-semifinal-2014\yiiframework\web\CWebApplication.php(141): CWebApplication->runController()
#7 C:\sichevskyi-uawebchallenge-semifinal-2014\yiiframework\base\CApplication.php(180): CWebApplication->processRequest()
#8 C:\sichevskyi-uawebchallenge-semifinal-2014\apps\recruiting\index.php(13): CWebApplication->run()
REQUEST_URI=/index.php?r=site/index
in C:\sichevskyi-uawebchallenge-semifinal-2014\apps\recruiting\protected\extensions\github\GitHubClientBase.php (331)
in C:\sichevskyi-uawebchallenge-semifinal-2014\apps\recruiting\protected\extensions\github\GitHubClientBase.php (282)
in C:\sichevskyi-uawebchallenge-semifinal-2014\apps\recruiting\protected\extensions\github\services\GitHubRepos.php (186)
2014/11/01 13:04:33 [error] [php] Undefined offset: 1 (C:\sichevskyi-uawebchallenge-semifinal-2014\apps\recruiting\protected\extensions\github\GitHubClientBase.php:331)
Stack trace:
#0 C:\sichevskyi-uawebchallenge-semifinal-2014\apps\recruiting\protected\controllers\SiteController.php(53): GitHubRepos->listRepositories()
#1 C:\sichevskyi-uawebchallenge-semifinal-2014\yiiframework\web\actions\CInlineAction.php(49): SiteController->actionIndex()
#2 C:\sichevskyi-uawebchallenge-semifinal-2014\yiiframework\web\CController.php(308): CInlineAction->runWithParams()
#3 C:\sichevskyi-uawebchallenge-semifinal-2014\yiiframework\web\CController.php(286): SiteController->runAction()
#4 C:\sichevskyi-uawebchallenge-semifinal-2014\yiiframework\web\CController.php(265): SiteController->runActionWithFilters()
#5 C:\sichevskyi-uawebchallenge-semifinal-2014\yiiframework\web\CWebApplication.php(282): SiteController->run()
#6 C:\sichevskyi-uawebchallenge-semifinal-2014\yiiframework\web\CWebApplication.php(141): CWebApplication->runController()
#7 C:\sichevskyi-uawebchallenge-semifinal-2014\yiiframework\base\CApplication.php(180): CWebApplication->processRequest()
#8 C:\sichevskyi-uawebchallenge-semifinal-2014\apps\recruiting\index.php(13): CWebApplication->run()
REQUEST_URI=/index.php?r=site/index
in C:\sichevskyi-uawebchallenge-semifinal-2014\apps\recruiting\protected\extensions\github\GitHubClientBase.php (331)
in C:\sichevskyi-uawebchallenge-semifinal-2014\apps\recruiting\protected\extensions\github\GitHubClientBase.php (282)
in C:\sichevskyi-uawebchallenge-semifinal-2014\apps\recruiting\protected\extensions\github\services\GitHubRepos.php (186)
2014/11/01 13:04:45 [error] [php] Undefined offset: 1 (C:\sichevskyi-uawebchallenge-semifinal-2014\apps\recruiting\protected\extensions\github\GitHubClientBase.php:331)
Stack trace:
#0 C:\sichevskyi-uawebchallenge-semifinal-2014\apps\recruiting\protected\controllers\SiteController.php(53): GitHubRepos->listRepositories()
#1 C:\sichevskyi-uawebchallenge-semifinal-2014\yiiframework\web\actions\CInlineAction.php(49): SiteController->actionIndex()
#2 C:\sichevskyi-uawebchallenge-semifinal-2014\yiiframework\web\CController.php(308): CInlineAction->runWithParams()
#3 C:\sichevskyi-uawebchallenge-semifinal-2014\yiiframework\web\CController.php(286): SiteController->runAction()
#4 C:\sichevskyi-uawebchallenge-semifinal-2014\yiiframework\web\CController.php(265): SiteController->runActionWithFilters()
#5 C:\sichevskyi-uawebchallenge-semifinal-2014\yiiframework\web\CWebApplication.php(282): SiteController->run()
#6 C:\sichevskyi-uawebchallenge-semifinal-2014\yiiframework\web\CWebApplication.php(141): CWebApplication->runController()
#7 C:\sichevskyi-uawebchallenge-semifinal-2014\yiiframework\base\CApplication.php(180): CWebApplication->processRequest()
#8 C:\sichevskyi-uawebchallenge-semifinal-2014\apps\recruiting\index.php(13): CWebApplication->run()
REQUEST_URI=/index.php?r=site/index
in C:\sichevskyi-uawebchallenge-semifinal-2014\apps\recruiting\protected\extensions\github\GitHubClientBase.php (331)
in C:\sichevskyi-uawebchallenge-semifinal-2014\apps\recruiting\protected\extensions\github\GitHubClientBase.php (282)
in C:\sichevskyi-uawebchallenge-semifinal-2014\apps\recruiting\protected\extensions\github\services\GitHubRepos.php (186)
2014/11/01 13:11:51 [error] [exception.CException] exception 'CException' with message 'Property "RecruitingForm.username" is not defined.' in C:\sichevskyi-uawebchallenge-semifinal-2014\yiiframework\base\CComponent.php:130
Stack trace:
#0 C:\sichevskyi-uawebchallenge-semifinal-2014\yiiframework\web\helpers\CHtml.php(2529): CComponent->__get('username')
#1 C:\sichevskyi-uawebchallenge-semifinal-2014\yiiframework\web\helpers\CHtml.php(2252): CHtml::resolveValue(Object(RecruitingForm), 'username')
#2 C:\sichevskyi-uawebchallenge-semifinal-2014\yiiframework\web\helpers\CHtml.php(1434): CHtml::activeInputField('text', Object(RecruitingForm), 'username', Array)
#3 C:\sichevskyi-uawebchallenge-semifinal-2014\yiiframework\web\widgets\CActiveForm.php(725): CHtml::activeTextField(Object(RecruitingForm), 'username', Array)
#4 C:\sichevskyi-uawebchallenge-semifinal-2014\apps\recruiting\protected\extensions\bootstrap\widgets\input\TbInputVertical.php(142): CActiveForm->textField(Object(RecruitingForm), 'username', Array)
#5 C:\sichevskyi-uawebchallenge-semifinal-2014\apps\recruiting\protected\extensions\bootstrap\widgets\input\TbInput.php(230): TbInputVertical->textField()
#6 C:\sichevskyi-uawebchallenge-semifinal-2014\yiiframework\web\CBaseController.php(173): TbInput->run()
#7 C:\sichevskyi-uawebchallenge-semifinal-2014\apps\recruiting\protected\extensions\bootstrap\widgets\TbActiveForm.php(497): CBaseController->widget('bootstrap.widge...', Array)
#8 C:\sichevskyi-uawebchallenge-semifinal-2014\apps\recruiting\protected\extensions\bootstrap\widgets\TbActiveForm.php(186): TbActiveForm->inputRow('text', Object(RecruitingForm), 'username', NULL, Array)
#9 C:\sichevskyi-uawebchallenge-semifinal-2014\apps\recruiting\protected\views\site\index.php(40): TbActiveForm->textFieldRow(Object(RecruitingForm), 'username')
#10 C:\sichevskyi-uawebchallenge-semifinal-2014\yiiframework\web\CBaseController.php(126): require('C:\\sichevskyi-u...')
#11 C:\sichevskyi-uawebchallenge-semifinal-2014\yiiframework\web\CBaseController.php(95): CBaseController->renderInternal('C:\\sichevskyi-u...', Array, true)
#12 C:\sichevskyi-uawebchallenge-semifinal-2014\yiiframework\web\CController.php(869): CBaseController->renderFile('C:\\sichevskyi-u...', Array, true)
#13 C:\sichevskyi-uawebchallenge-semifinal-2014\yiiframework\web\CController.php(782): CController->renderPartial('index', Array, true)
#14 C:\sichevskyi-uawebchallenge-semifinal-2014\apps\recruiting\protected\controllers\SiteController.php(61): CController->render('index', Array)
#15 C:\sichevskyi-uawebchallenge-semifinal-2014\yiiframework\web\actions\CInlineAction.php(49): SiteController->actionIndex()
#16 C:\sichevskyi-uawebchallenge-semifinal-2014\yiiframework\web\CController.php(308): CInlineAction->runWithParams(Array)
#17 C:\sichevskyi-uawebchallenge-semifinal-2014\yiiframework\web\CController.php(286): CController->runAction(Object(CInlineAction))
#18 C:\sichevskyi-uawebchallenge-semifinal-2014\yiiframework\web\CController.php(265): CController->runActionWithFilters(Object(CInlineAction), Array)
#19 C:\sichevskyi-uawebchallenge-semifinal-2014\yiiframework\web\CWebApplication.php(282): CController->run('index')
#20 C:\sichevskyi-uawebchallenge-semifinal-2014\yiiframework\web\CWebApplication.php(141): CWebApplication->runController('site/index')
#21 C:\sichevskyi-uawebchallenge-semifinal-2014\yiiframework\base\CApplication.php(180): CWebApplication->processRequest()
#22 C:\sichevskyi-uawebchallenge-semifinal-2014\apps\recruiting\index.php(13): CApplication->run()
#23 {main}
REQUEST_URI=/index.php?r=site/index
---
